# JRE version: 6.0_31-b31
# Java VM: OpenJDK 64-Bit Server VM (23.25-b01 mixed mode linux-amd64 compressed oops)
Heap
 PSYoungGen      total 305856K, used 130885K [0x00000000eaab0000, 0x0000000100000000, 0x0000000100000000)
  eden space 262208K, 37% used [0x00000000eaab0000,0x00000000f0baf190,0x00000000faac0000)
  from space 43648K, 72% used [0x00000000fd560000,0x00000000ff4324f8,0x0000000100000000)
  to   space 43648K, 0% used [0x00000000faac0000,0x00000000faac0000,0x00000000fd560000)
 ParOldGen       total 699072K, used 80K [0x00000000c0000000, 0x00000000eaab0000, 0x00000000eaab0000)
  object space 699072K, 0% used [0x00000000c0000000,0x00000000c0014010,0x00000000eaab0000)
 PSPermGen       total 70208K, used 70122K [0x00000000b0000000, 0x00000000b4490000, 0x00000000c0000000)
  object space 70208K, 99% used [0x00000000b0000000,0x00000000b447aa48,0x00000000b4490000)
GC Heap History (4 events):
Event: 13.743 GC heap before
{Heap before GC invocations=1 (full 0):
 PSYoungGen      total 305856K, used 262208K [0x00000000eaab0000, 0x0000000100000000, 0x0000000100000000)
  eden space 262208K, 100% used [0x00000000eaab0000,0x00000000faac0000,0x00000000faac0000)
  from space 43648K, 0% used [0x00000000fd560000,0x00000000fd560000,0x0000000100000000)
  to   space 43648K, 0% used [0x00000000faac0000,0x00000000faac0000,0x00000000fd560000)
 ParOldGen       total 699072K, used 0K [0x00000000c0000000, 0x00000000eaab0000, 0x00000000eaab0000)
  object space 699072K, 0% used [0x00000000c0000000,0x00000000c0000000,0x00000000eaab0000)
 PSPermGen       total 44480K, used 44333K [0x00000000b0000000, 0x00000000b2b70000, 0x00000000c0000000)
  object space 44480K, 99% used [0x00000000b0000000,0x00000000b2b4b540,0x00000000b2b70000)
Event: 13.759 GC heap after
Heap after GC invocations=1 (full 0):
 PSYoungGen      total 305856K, used 5623K [0x00000000eaab0000, 0x0000000100000000, 0x0000000100000000)
  eden space 262208K, 0% used [0x00000000eaab0000,0x00000000eaab0000,0x00000000faac0000)
  from space 43648K, 12% used [0x00000000faac0000,0x00000000fb03dc08,0x00000000fd560000)
  to   space 43648K, 0% used [0x00000000fd560000,0x00000000fd560000,0x0000000100000000)
 ParOldGen       total 699072K, used 8K [0x00000000c0000000, 0x00000000eaab0000, 0x00000000eaab0000)
  object space 699072K, 0% used [0x00000000c0000000,0x00000000c0002000,0x00000000eaab0000)
 PSPermGen       total 44480K, used 44333K [0x00000000b0000000, 0x00000000b2b70000, 0x00000000c0000000)
  object space 44480K, 99% used [0x00000000b0000000,0x00000000b2b4b540,0x00000000b2b70000)
}
Event: 23.980 GC heap before
{Heap before GC invocations=2 (full 0):
 PSYoungGen      total 305856K, used 267831K [0x00000000eaab0000, 0x0000000100000000, 0x0000000100000000)
  eden space 262208K, 100% used [0x00000000eaab0000,0x00000000faac0000,0x00000000faac0000)
  from space 43648K, 12% used [0x00000000faac0000,0x00000000fb03dc08,0x00000000fd560000)
  to   space 43648K, 0% used [0x00000000fd560000,0x00000000fd560000,0x0000000100000000)
 ParOldGen       total 699072K, used 8K [0x00000000c0000000, 0x00000000eaab0000, 0x00000000eaab0000)
  object space 699072K, 0% used [0x00000000c0000000,0x00000000c0002000,0x00000000eaab0000)
 PSPermGen       total 58880K, used 58751K [0x00000000b0000000, 0x00000000b3980000, 0x00000000c0000000)
  object space 58880K, 99% used [0x00000000b0000000,0x00000000b395fed8,0x00000000b3980000)
Event: 24.025 GC heap after
Heap after GC invocations=2 (full 0):
 PSYoungGen      total 305856K, used 31561K [0x00000000eaab0000, 0x0000000100000000, 0x0000000100000000)
  eden space 262208K, 0% used [0x00000000eaab0000,0x00000000eaab0000,0x00000000faac0000)
  from space 43648K, 72% used [0x00000000fd560000,0x00000000ff4324f8,0x0000000100000000)
  to   space 43648K, 0% used [0x00000000faac0000,0x00000000faac0000,0x00000000fd560000)
 ParOldGen       total 699072K, used 80K [0x00000000c0000000, 0x00000000eaab0000, 0x00000000eaab0000)
  object space 699072K, 0% used [0x00000000c0000000,0x00000000c0014010,0x00000000eaab0000)
 PSPermGen       total 58880K, used 58751K [0x00000000b0000000, 0x00000000b3980000, 0x00000000c0000000)
  object space 58880K, 99% used [0x00000000b0000000,0x00000000b395fed8,0x00000000b3980000)
}

